Change Component Designator: Old Designator=C1 New Designator=C13
Change Component Designator: Old Designator=C2 New Designator=C14
Change Component Designator: Old Designator=C3 New Designator=C15
Change Component Designator: Old Designator=C4 New Designator=C16
Change Component Designator: Old Designator=C5 New Designator=C17
Change Component Designator: Old Designator=C6 New Designator=C18
Change Component Designator: Old Designator=C7 New Designator=C19
Change Component Designator: Old Designator=C8 New Designator=C20
Change Component Designator: Old Designator=C9 New Designator=C21
Change Component Designator: Old Designator=C10 New Designator=C22
Change Component Designator: Old Designator=C11 New Designator=C23
Change Component Designator: Old Designator=C12 New Designator=C24
Change Component Designator: Old Designator=C13 New Designator=C25
Change Component Designator: Old Designator=C14 New Designator=C26
Change Component Designator: Old Designator=C15 New Designator=C27
Change Component Designator: Old Designator=C16 New Designator=C28
Change Component Designator: Old Designator=C17 New Designator=C29
Change Component Designator: Old Designator=C18 New Designator=C30
Change Component Designator: Old Designator=D1 New Designator=D15
Change Component Designator: Old Designator=D2 New Designator=D16
Change Component Designator: Old Designator=D3 New Designator=D17
Change Component Designator: Old Designator=D4 New Designator=D18
Change Component Designator: Old Designator=D5 New Designator=D19
Change Component Designator: Old Designator=P1 New Designator=P2
Change Component Designator: Old Designator=P2 New Designator=P3
Change Component Designator: Old Designator=P3 New Designator=P4
Change Component Designator: Old Designator=P4 New Designator=P5
Change Component Designator: Old Designator=P5 New Designator=P6
Change Component Designator: Old Designator=P6 New Designator=P7
Change Component Designator: Old Designator=P7 New Designator=P8
Change Component Designator: Old Designator=P8 New Designator=P9
Change Component Designator: Old Designator=P9 New Designator=P10
Change Component Designator: Old Designator=P10 New Designator=P11
Change Component Designator: Old Designator=P11 New Designator=P12
Change Component Designator: Old Designator=P12 New Designator=P13
Change Component Designator: Old Designator=P13 New Designator=P14
Change Component Designator: Old Designator=Q1 New Designator=Q9
Change Component Designator: Old Designator=R1 New Designator=R14
Change Component Designator: Old Designator=R2 New Designator=R15
Change Component Designator: Old Designator=R3 New Designator=R16
Change Component Designator: Old Designator=R4 New Designator=R17
Change Component Designator: Old Designator=R5 New Designator=R18
Change Component Designator: Old Designator=R6 New Designator=R19
Change Component Designator: Old Designator=R7 New Designator=R20
Change Component Designator: Old Designator=R8 New Designator=R21
Change Component Designator: Old Designator=R9 New Designator=R22
Change Component Designator: Old Designator=R10 New Designator=R23
Change Component Designator: Old Designator=R11 New Designator=R24
Change Component Designator: Old Designator=R12 New Designator=R25
Change Component Designator: Old Designator=R13 New Designator=R26
Change Component Designator: Old Designator=R14 New Designator=R27
Change Component Designator: Old Designator=R15 New Designator=R28
Change Component Designator: Old Designator=R16 New Designator=R29
Change Component Designator: Old Designator=R17 New Designator=R30
Change Component Designator: Old Designator=R18 New Designator=R31
Change Component Designator: Old Designator=R19 New Designator=R32
Change Component Designator: Old Designator=U1 New Designator=U7
